<?xml version="1.0" encoding="UTF-8"?>
<testsuite name="WordTest" tests="9" skipped="0" failures="0" errors="0" timestamp="2016-05-05T03:23:20" hostname="Mings-MacBook-Pro.local" time="0.002">
  <properties/>
  <testcase name="find_returnsWordWithSameId_secondWord" classname="WordTest" time="0.0"/>
  <testcase name="getName_WordInstantiatesWithName_Home" classname="WordTest" time="0.0"/>
  <testcase name="getDefinitions_initiallyReturnsEmptyList_ArrayList" classname="WordTest" time="0.0"/>
  <testcase name="Word_instantiatesCorrectly_true" classname="WordTest" time="0.0"/>
  <testcase name="addDefinition_addsDefinitionToList_true" classname="WordTest" time="0.001"/>
  <testcase name="clear_emptiesAllCategoriesFromList_0" classname="WordTest" time="0.0"/>
  <testcase name="find_returnsNullWhenNoWordFound_null" classname="WordTest" time="0.0"/>
  <testcase name="getId_categoriesInstantiateWithAnId_1" classname="WordTest" time="0.0"/>
  <testcase name="all_returnsAllInstancesOfWord_true" classname="WordTest" time="0.0"/>
  <system-out><![CDATA[]]></system-out>
  <system-err><![CDATA[]]></system-err>
</testsuite>
